INFO: Update Complete
INFO: Number of renamed keys (transfered): 92
INFO:   PF2E.LanguageAdlet -> PF2E.Actor.Creature.Language.adlet
INFO:   PF2E.LanguageAkitonian -> PF2E.Actor.Creature.Language.akitonian
INFO:   PF2E.LanguageAklo -> PF2E.Actor.Creature.Language.aklo
INFO:   PF2E.LanguageAlghollthu -> PF2E.Actor.Creature.Language.alghollthu
INFO:   PF2E.LanguageAmurrun -> PF2E.Actor.Creature.Language.amurrun
INFO:   PF2E.LanguageAncientOsiriani -> PF2E.Actor.Creature.Language.ancient-osiriani
INFO:   PF2E.LanguageAndroffan -> PF2E.Actor.Creature.Language.androffan
INFO:   PF2E.LanguageArboreal -> PF2E.Actor.Creature.Language.arboreal
INFO:   PF2E.LanguageArcadian -> PF2E.Actor.Creature.Language.arcadian
INFO:   PF2E.LanguageAzlanti -> PF2E.Actor.Creature.Language.azlanti
INFO:   PF2E.LanguageCalda -> PF2E.Actor.Creature.Language.calda
INFO:   PF2E.LanguageCyclops -> PF2E.Actor.Creature.Language.cyclops
INFO:   PF2E.LanguageDaemonic -> PF2E.Actor.Creature.Language.daemonic
INFO:   PF2E.LanguageDestrachan -> PF2E.Actor.Creature.Language.destrachan
INFO:   PF2E.LanguageDraconic -> PF2E.Actor.Creature.Language.draconic
INFO:   PF2E.LanguageDrooni -> PF2E.Actor.Creature.Language.drooni
INFO:   PF2E.LanguageDwarven -> PF2E.Actor.Creature.Language.dwarven
INFO:   PF2E.LanguageDziriak -> PF2E.Actor.Creature.Language.dziriak
INFO:   PF2E.LanguageEkujae -> PF2E.Actor.Creature.Language.ekujae
INFO:   PF2E.LanguageElderThing -> PF2E.Actor.Creature.Language.elder-thing
INFO:   PF2E.LanguageElven -> PF2E.Actor.Creature.Language.elven
INFO:   PF2E.LanguageEmpyrean -> PF2E.Actor.Creature.Language.empyrean
INFO:   PF2E.LanguageErutaki -> PF2E.Actor.Creature.Language.erutaki
INFO:   PF2E.LanguageGarundi -> PF2E.Actor.Creature.Language.garundi
INFO:   PF2E.LanguageGirtablilu -> PF2E.Actor.Creature.Language.girtablilu
INFO:   PF2E.LanguageGnomish -> PF2E.Actor.Creature.Language.gnomish
INFO:   PF2E.LanguageHallit -> PF2E.Actor.Creature.Language.hallit
INFO:   PF2E.LanguageHwan -> PF2E.Actor.Creature.Language.hwan
INFO:   PF2E.LanguageIblydan -> PF2E.Actor.Creature.Language.iblydan
INFO:   PF2E.LanguageImmolis -> PF2E.Actor.Creature.Language.immolis
INFO:   PF2E.LanguageIruxi -> PF2E.Actor.Creature.Language.iruxi
INFO:   PF2E.LanguageJistkan -> PF2E.Actor.Creature.Language.jistkan
INFO:   PF2E.LanguageJotun -> PF2E.Actor.Creature.Language.jotun
INFO:   PF2E.LanguageJyoti -> PF2E.Actor.Creature.Language.jyoti
INFO:   PF2E.LanguageKaava -> PF2E.Actor.Creature.Language.kaava
INFO:   PF2E.LanguageKelish -> PF2E.Actor.Creature.Language.kelish
INFO:   PF2E.LanguageKibwani -> PF2E.Actor.Creature.Language.kibwani
INFO:   PF2E.LanguageKovintal -> PF2E.Actor.Creature.Language.kovintal
INFO:   PF2E.LanguageLirgeni -> PF2E.Actor.Creature.Language.lirgeni
INFO:   PF2E.LanguageMahwek -> PF2E.Actor.Creature.Language.mahwek
INFO:   PF2E.LanguageMiGo -> PF2E.Actor.Creature.Language.migo
INFO:   PF2E.LanguageMinaten -> PF2E.Actor.Creature.Language.minaten
INFO:   PF2E.LanguageMinkaian -> PF2E.Actor.Creature.Language.minkaian
INFO:   PF2E.LanguageMuan -> PF2E.Actor.Creature.Language.muan
INFO:   PF2E.LanguageMwangi -> PF2E.Actor.Creature.Language.mwangi
INFO:   PF2E.LanguageMzunu -> PF2E.Actor.Creature.Language.mzunu
INFO:   PF2E.LanguageNecril -> PF2E.Actor.Creature.Language.necril
INFO:   PF2E.LanguageOcotan -> PF2E.Actor.Creature.Language.ocotan
INFO:   PF2E.LanguageOkaiyan -> PF2E.Actor.Creature.Language.okaiyan
INFO:   PF2E.LanguageOrcish -> PF2E.Actor.Creature.Language.orcish
INFO:   PF2E.LanguageOrvian -> PF2E.Actor.Creature.Language.orvian
INFO:   PF2E.LanguageOsiriani -> PF2E.Actor.Creature.Language.osiriani
INFO:   PF2E.LanguagePetran -> PF2E.Actor.Creature.Language.petran
INFO:   PF2E.LanguagePyric -> PF2E.Actor.Creature.Language.pyric
INFO:   PF2E.LanguageRasu -> PF2E.Actor.Creature.Language.rasu
INFO:   PF2E.LanguageRazatlani -> PF2E.Actor.Creature.Language.razatlani
INFO:   PF2E.LanguageRequian -> PF2E.Actor.Creature.Language.requian
INFO:   PF2E.LanguageRussian -> PF2E.Actor.Creature.Language.russian
INFO:   PF2E.LanguageSakvroth -> PF2E.Actor.Creature.Language.sakvroth
INFO:   PF2E.LanguageSasquatch -> PF2E.Actor.Creature.Language.sasquatch
INFO:   PF2E.LanguageSenzar -> PF2E.Actor.Creature.Language.senzar
INFO:   PF2E.LanguageShadowtongue -> PF2E.Actor.Creature.Language.shadowtongue
INFO:   PF2E.LanguageShae -> PF2E.Actor.Creature.Language.shae
INFO:   PF2E.LanguageShoanti -> PF2E.Actor.Creature.Language.shoanti
INFO:   PF2E.LanguageShory -> PF2E.Actor.Creature.Language.shory
INFO:   PF2E.LanguageSkald -> PF2E.Actor.Creature.Language.skald
INFO:   PF2E.LanguageSphinx -> PF2E.Actor.Creature.Language.sphinx
INFO:   PF2E.LanguageSussuran -> PF2E.Actor.Creature.Language.sussuran
INFO:   PF2E.LanguageTaldane -> PF2E.Actor.Creature.Language.taldane
INFO:   PF2E.LanguageTalican -> PF2E.Actor.Creature.Language.talican
INFO:   PF2E.LanguageTekritanin -> PF2E.Actor.Creature.Language.tekritanin
INFO:   PF2E.LanguageThalassic -> PF2E.Actor.Creature.Language.thalassic
INFO:   PF2E.LanguageThassilonian -> PF2E.Actor.Creature.Language.thassilonian
INFO:   PF2E.LanguageTien -> PF2E.Actor.Creature.Language.tien
INFO:   PF2E.LanguageUndercommon -> PF2E.Actor.Creature.Language.undercommon
INFO:   PF2E.LanguageUtopian -> PF2E.Actor.Creature.Language.utopian
INFO:   PF2E.LanguageVarisian -> PF2E.Actor.Creature.Language.varisian
INFO:   PF2E.LanguageVarki -> PF2E.Actor.Creature.Language.varki
INFO:   PF2E.LanguageVishkanyan -> PF2E.Actor.Creature.Language.vishkanyan
INFO:   PF2E.LanguageVudrani -> PF2E.Actor.Creature.Language.vudrani
INFO:   PF2E.LanguageXanmba -> PF2E.Actor.Creature.Language.xanmba
INFO:   PF2E.LanguageYithian -> PF2E.Actor.Creature.Language.yithian
INFO:   PF2E.LanguageYsoki -> PF2E.Actor.Creature.Language.ysoki
INFO:   PF2E.SpellSaveLabel -> PF2E.Actor.Creature.Spellcasting.DC
INFO:   PF2E.Item.Deity.DivineAbility.Hint -> PF2E.Item.Deity.DivineAttribute.Hint
INFO:   PF2E.Item.Deity.DivineAbility.Label -> PF2E.Item.Deity.DivineAttribute.Label
INFO:   PF2E.SpellBasicSaveOption -> PF2E.Item.Spell.Defense.BasicSave
INFO:   PF2E.SpellPrimaryCheckLabel -> PF2E.Item.Spell.Ritual.PrimaryCheck
INFO:   PF2E.SpellSecondaryChecksLabel -> PF2E.Item.Spell.Ritual.SecondaryChecks
INFO:   PF2E.SpellSecondaryCasters -> PF2E.Item.Spell.Ritual.SecondaryCasters
INFO:   PF2E.SETTINGS.Homebrew.DamageTypes.name -> PF2E.SETTINGS.Homebrew.DamageTypes.Name
INFO:   PF2E.SpellTypeSave -> PF2E.SavingThrow
INFO: Number of outdated records: 24
INFO:   PF2E.ActionBrowserSearchHint
INFO:   PF2E.Actor.NPC.Identification.Skills.Tooltip
INFO:   PF2E.BestiaryBrowserSearchHint
INFO:   PF2E.FeatBrowserSearchHint
INFO:   PF2E.InventroyBrowserSearchHint
INFO:   PF2E.Item.Physical.OtherTags.Hint
INFO:   PF2E.Item.Weapon.CriticalSpecialization.flail
INFO:   PF2E.Item.Weapon.CriticalSpecialization.hammer
INFO:   PF2E.NPC.Abilities.Glossary.Grab
INFO:   PF2E.NPC.Abilities.Glossary.Knockdown
INFO:   PF2E.NPC.Abilities.Glossary.Lifesense
INFO:   PF2E.NPC.Abilities.Glossary.NegativeHealing
INFO:   PF2E.NPC.Abilities.Glossary.Push
INFO:   PF2E.SpellBrowserSearchHint
INFO:   PF2E.TraitDescriptionComposite
INFO:   PF2E.TraitDescriptionDarvakka
INFO:   PF2E.TraitDescriptionFetchling
INFO:   PF2E.TraitDescriptionIllusion
INFO:   PF2E.TraitDescriptionMagical
INFO:   PF2E.TraitDescriptionNindoru
INFO:   PF2E.TraitDescriptionShadow
INFO:   PF2E.TraitDescriptionSkeleton
INFO:   PF2E.TraitEtchedOntoAWeaponWOHolyRune
INFO:   PF2E.TraitEtchedOntoAWeaponWOUnholyRune
INFO: Number of new keys added: 83
INFO:   PF2E.Actor.Character.Crafting.Cost
INFO:   PF2E.Actor.Creature.Language.anadi
INFO:   PF2E.Actor.Creature.Language.anugobu
INFO:   PF2E.Actor.Creature.Language.boggard
INFO:   PF2E.Actor.Creature.Language.caligni
INFO:   PF2E.Actor.Creature.Language.chthonian
INFO:   PF2E.Actor.Creature.Language.common
INFO:   PF2E.Actor.Creature.Language.diabolic
INFO:   PF2E.Actor.Creature.Language.fey
INFO:   PF2E.Actor.Creature.Language.formian
INFO:   PF2E.Actor.Creature.Language.goblin
INFO:   PF2E.Actor.Creature.Language.goloma
INFO:   PF2E.Actor.Creature.Language.grioth
INFO:   PF2E.Actor.Creature.Language.grippli
INFO:   PF2E.Actor.Creature.Language.halfling
INFO:   PF2E.Actor.Creature.Language.ikeshti
INFO:   PF2E.Actor.Creature.Language.kashrishi
INFO:   PF2E.Actor.Creature.Language.kholo
INFO:   PF2E.Actor.Creature.Language.kitsune
INFO:   PF2E.Actor.Creature.Language.munavri
INFO:   PF2E.Actor.Creature.Language.nagaji
INFO:   PF2E.Actor.Creature.Language.protean
INFO:   PF2E.Actor.Creature.Language.ratajin
INFO:   PF2E.Actor.Creature.Language.samsaran
INFO:   PF2E.Actor.Creature.Language.shisk
INFO:   PF2E.Actor.Creature.Language.shobhad
INFO:   PF2E.Actor.Creature.Language.shoony
INFO:   PF2E.Actor.Creature.Language.strix
INFO:   PF2E.Actor.Creature.Language.tengu
INFO:   PF2E.Actor.Creature.Language.vanara
INFO:   PF2E.Actor.Creature.Language.wildsong
INFO:   PF2E.Actor.Creature.Language.wyrwood
INFO:   PF2E.Actor.Creature.Spellcasting.Label
INFO:   PF2E.ChatRollDetails.ModifiersAndDice
INFO:   PF2E.Damage.IWR.Type.holy
INFO:   PF2E.Damage.IWR.Type.unholy
INFO:   PF2E.Item.Deity.Sanctification.Can.Holy
INFO:   PF2E.Item.Deity.Sanctification.Can.HolyUnholy
INFO:   PF2E.Item.Deity.Sanctification.Can.Unholy
INFO:   PF2E.Item.Deity.Sanctification.Label
INFO:   PF2E.Item.Deity.Sanctification.Must.Holy
INFO:   PF2E.Item.Deity.Sanctification.Must.Unholy
INFO:   PF2E.Item.Deity.Sanctification.None
INFO:   PF2E.Item.MaterialEffects.Hint
INFO:   PF2E.Item.MaterialEffects.Label
INFO:   PF2E.Item.Spell.Cast
INFO:   PF2E.Item.Spell.Cost
INFO:   PF2E.Item.Spell.Defense.Label
INFO:   PF2E.Item.Spell.Rank.Plural
INFO:   PF2E.Item.Spell.Ritual.Label
INFO:   PF2E.SETTINGS.Homebrew.DamageTypes.Add
INFO:   PF2E.SETTINGS.Homebrew.DamageTypes.Icon
INFO:   PF2E.SETTINGS.Homebrew.DamageTypes.Label
INFO:   PF2E.SETTINGS.Homebrew.ReservedTerm
INFO:   PF2E.TraitAffixedToAMetalWeapon
INFO:   PF2E.TraitAffixedToAShieldOrWeapon
INFO:   PF2E.TraitAffixedToMetalWeapon
INFO:   PF2E.TraitAiuvarin
INFO:   PF2E.TraitDescriptionAiuvarin
INFO:   PF2E.TraitDescriptionDromaar
INFO:   PF2E.TraitDescriptionFocus
INFO:   PF2E.TraitDescriptionHoly
INFO:   PF2E.TraitDescriptionNephilim
INFO:   PF2E.TraitDescriptionSanctified
INFO:   PF2E.TraitDescriptionSpellshape
INFO:   PF2E.TraitDescriptionSubtle
INFO:   PF2E.TraitDescriptionSummon
INFO:   PF2E.TraitDescriptionUndead
INFO:   PF2E.TraitDescriptionUnholy
INFO:   PF2E.TraitDromaar
INFO:   PF2E.TraitEtchedOntoAShield
INFO:   PF2E.TraitFocus
INFO:   PF2E.TraitHoly
INFO:   PF2E.TraitNaari
INFO:   PF2E.TraitNephilim
INFO:   PF2E.TraitSanctified
INFO:   PF2E.TraitSpellshape
INFO:   PF2E.TraitSubtle
INFO:   PF2E.TraitUnholy
INFO:   PF2E.TraitVersatileSpirit
INFO:   PF2E.TraitVersatileX
INFO:   PF2E.WeaponGroupCrossbow
INFO:   TYPES.Actor.army
INFO: Number of obsolete keys deleted: 239
INFO:   PF2E.Alignment
INFO:   PF2E.AlignmentCE
INFO:   PF2E.AlignmentCG
INFO:   PF2E.AlignmentCN
INFO:   PF2E.AlignmentLE
INFO:   PF2E.AlignmentLG
INFO:   PF2E.AlignmentLN
INFO:   PF2E.AlignmentN
INFO:   PF2E.AlignmentNE
INFO:   PF2E.AlignmentNG
INFO:   PF2E.BrowserFilterSchools
INFO:   PF2E.BrowserSortyByLevelLabel
INFO:   PF2E.BrowserSortyByNameLabel
INFO:   PF2E.BrowserSortyByPriceLabel
INFO:   PF2E.ChatRollDetails.ModifiersEmpty
INFO:   PF2E.Damage.IWR.Type.abjuration
INFO:   PF2E.Damage.IWR.Type.conjuration
INFO:   PF2E.Damage.IWR.Type.divination
INFO:   PF2E.Damage.IWR.Type.enchantment
INFO:   PF2E.Damage.IWR.Type.evocation
INFO:   PF2E.Damage.IWR.Type.necromancy
INFO:   PF2E.Damage.IWR.Type.transmutation
INFO:   PF2E.Damage.RollFlavor.chaotic
INFO:   PF2E.Damage.RollFlavor.evil
INFO:   PF2E.Damage.RollFlavor.good
INFO:   PF2E.Damage.RollFlavor.lawful
INFO:   PF2E.FeatDualClassHeader
INFO:   PF2E.Item.Deity.DivineAbility.Hint
INFO:   PF2E.Item.Deity.DivineAbility.Label
INFO:   PF2E.Item.Deity.FollowerAlignments
INFO:   PF2E.Item.Weapon.CriticalSpecialization.dart
INFO:   PF2E.Item.Weapon.CriticalSpecialization.knife
INFO:   PF2E.Item.Weapon.CriticalSpecialization.pick
INFO:   PF2E.LanguageAbyssal
INFO:   PF2E.LanguageAdlet
INFO:   PF2E.LanguageAkitonian
INFO:   PF2E.LanguageAklo
INFO:   PF2E.LanguageAlghollthu
INFO:   PF2E.LanguageAmurrun
INFO:   PF2E.LanguageAnadi
INFO:   PF2E.LanguageAncientOsiriani
INFO:   PF2E.LanguageAndroffan
INFO:   PF2E.LanguageAnugobu
INFO:   PF2E.LanguageArboreal
INFO:   PF2E.LanguageArcadian
INFO:   PF2E.LanguageAzlanti
INFO:   PF2E.LanguageBoggard
INFO:   PF2E.LanguageCalda
INFO:   PF2E.LanguageCaligni
INFO:   PF2E.LanguageCelestial
INFO:   PF2E.LanguageCommon
INFO:   PF2E.LanguageCyclops
INFO:   PF2E.LanguageDaemonic
INFO:   PF2E.LanguageDestrachan
INFO:   PF2E.LanguageDraconic
INFO:   PF2E.LanguageDrooni
INFO:   PF2E.LanguageDruidic
INFO:   PF2E.LanguageDwarven
INFO:   PF2E.LanguageDziriak
INFO:   PF2E.LanguageEkujae
INFO:   PF2E.LanguageElderThing
INFO:   PF2E.LanguageElven
INFO:   PF2E.LanguageEmpyrean
INFO:   PF2E.LanguageErutaki
INFO:   PF2E.LanguageFey
INFO:   PF2E.LanguageFormian
INFO:   PF2E.LanguageGarundi
INFO:   PF2E.LanguageGirtablilu
INFO:   PF2E.LanguageGnoll
INFO:   PF2E.LanguageGnomish
INFO:   PF2E.LanguageGoblin
INFO:   PF2E.LanguageGoloma
INFO:   PF2E.LanguageGrioth
INFO:   PF2E.LanguageGrippli
INFO:   PF2E.LanguageHalfling
INFO:   PF2E.LanguageHallit
INFO:   PF2E.LanguageHwan
INFO:   PF2E.LanguageIblydan
INFO:   PF2E.LanguageIkeshti
INFO:   PF2E.LanguageImmolis
INFO:   PF2E.LanguageInfernal
INFO:   PF2E.LanguageIruxi
INFO:   PF2E.LanguageJistkan
INFO:   PF2E.LanguageJotun
INFO:   PF2E.LanguageJyoti
INFO:   PF2E.LanguageKaava
INFO:   PF2E.LanguageKashrishi
INFO:   PF2E.LanguageKelish
INFO:   PF2E.LanguageKibwani
INFO:   PF2E.LanguageKitsune
INFO:   PF2E.LanguageKovintal
INFO:   PF2E.LanguageLirgeni
INFO:   PF2E.LanguageMahwek
INFO:   PF2E.LanguageMiGo
INFO:   PF2E.LanguageMinaten
INFO:   PF2E.LanguageMinkaian
INFO:   PF2E.LanguageMunavri
INFO:   PF2E.LanguageMuan
INFO:   PF2E.LanguageMwangi
INFO:   PF2E.LanguageMzunu
INFO:   PF2E.LanguageNagaji
INFO:   PF2E.LanguageNecril
INFO:   PF2E.LanguageOcotan
INFO:   PF2E.LanguageOkaiyan
INFO:   PF2E.LanguageOrcish
INFO:   PF2E.LanguageOrvian
INFO:   PF2E.LanguageOsiriani
INFO:   PF2E.LanguagePetran
INFO:   PF2E.LanguageProtean
INFO:   PF2E.LanguagePyric
INFO:   PF2E.LanguageRasu
INFO:   PF2E.LanguageRatajin
INFO:   PF2E.LanguageRazatlani
INFO:   PF2E.LanguageRequian
INFO:   PF2E.LanguageRussian
INFO:   PF2E.LanguageSakvroth
INFO:   PF2E.LanguageSamsaran
INFO:   PF2E.LanguageSasquatch
INFO:   PF2E.LanguageSenzar
INFO:   PF2E.LanguageShadowtongue
INFO:   PF2E.LanguageShae
INFO:   PF2E.LanguageShisk
INFO:   PF2E.LanguageShoanti
INFO:   PF2E.LanguageShobhad
INFO:   PF2E.LanguageShoony
INFO:   PF2E.LanguageShory
INFO:   PF2E.LanguageSkald
INFO:   PF2E.LanguageSphinx
INFO:   PF2E.LanguageStrix
INFO:   PF2E.LanguageSussuran
INFO:   PF2E.LanguageTaldane
INFO:   PF2E.LanguageTalican
INFO:   PF2E.LanguageTekritanin
INFO:   PF2E.LanguageTengu
INFO:   PF2E.LanguageThalassic
INFO:   PF2E.LanguageThassilonian
INFO:   PF2E.LanguageTien
INFO:   PF2E.LanguageUndercommon
INFO:   PF2E.LanguageUtopian
INFO:   PF2E.LanguageVanara
INFO:   PF2E.LanguageVarisian
INFO:   PF2E.LanguageVarki
INFO:   PF2E.LanguageVishkanyan
INFO:   PF2E.LanguageVudrani
INFO:   PF2E.LanguageWyrwood
INFO:   PF2E.LanguageXanmba
INFO:   PF2E.LanguageYithian
INFO:   PF2E.LanguageYsoki
INFO:   PF2E.LastStopMessage.Paragraph1
INFO:   PF2E.LastStopMessage.Paragraph2
INFO:   PF2E.LastStopMessage.Paragraph3
INFO:   PF2E.LastStopMessage.Paragraph4
INFO:   PF2E.LastStopMessage.Paragraph5
INFO:   PF2E.LastStopMessage.Paragraph6
INFO:   PF2E.SETTINGS.Homebrew.DamageTypes.name
INFO:   PF2E.SETTINGS.Homebrew.MagicSchools.Hint
INFO:   PF2E.SETTINGS.Homebrew.MagicSchools.Name
INFO:   PF2E.SETTINGS.Variant.AncestryParagon.Hint
INFO:   PF2E.SETTINGS.Variant.AncestryParagon.Name
INFO:   PF2E.SETTINGS.Variant.DualClass.Hint
INFO:   PF2E.SETTINGS.Variant.DualClass.Name
INFO:   PF2E.SpellAbilityLabel
INFO:   PF2E.SpellBasicSaveOption
INFO:   PF2E.SpellCategoryFocus
INFO:   PF2E.SpellCategoryFocusCantrip
INFO:   PF2E.SpellCategoryLabel
INFO:   PF2E.SpellCategoryRitual
INFO:   PF2E.SpellCategorySpell
INFO:   PF2E.SpellComponentF
INFO:   PF2E.SpellComponentM
INFO:   PF2E.SpellComponentS
INFO:   PF2E.SpellComponentShortF
INFO:   PF2E.SpellComponentShortM
INFO:   PF2E.SpellComponentShortS
INFO:   PF2E.SpellComponentShortV
INFO:   PF2E.SpellComponentV
INFO:   PF2E.SpellComponentsLabel
INFO:   PF2E.SpellConcentrationLabel
INFO:   PF2E.SpellCostLabel
INFO:   PF2E.SpellDCBase
INFO:   PF2E.SpellDamageLabel
INFO:   PF2E.SpellLabel
INFO:   PF2E.SpellPrimaryCheckLabel
INFO:   PF2E.SpellRitualLabel
INFO:   PF2E.SpellSaveLabel
INFO:   PF2E.SpellScalingOverlay.Label
INFO:   PF2E.SpellSchoolLabel
INFO:   PF2E.SpellSecondaryCasters
INFO:   PF2E.SpellSecondaryChecksLabel
INFO:   PF2E.SpellTimeLabel
INFO:   PF2E.SpellTypeAttack
INFO:   PF2E.SpellTypeFocus
INFO:   PF2E.SpellTypeHeal
INFO:   PF2E.SpellTypeLabel
INFO:   PF2E.SpellTypeRitual
INFO:   PF2E.SpellTypeSave
INFO:   PF2E.SpellTypeUtility
INFO:   PF2E.SpellsSchoolHeader
INFO:   PF2E.TraitAasimar
INFO:   PF2E.TraitAbjuration
INFO:   PF2E.TraitChaotic
INFO:   PF2E.TraitConjuration
INFO:   PF2E.TraitDescriptionAasimar
INFO:   PF2E.TraitDescriptionAbjuration
INFO:   PF2E.TraitDescriptionChaotic
INFO:   PF2E.TraitDescriptionConjuration
INFO:   PF2E.TraitDescriptionDivination
INFO:   PF2E.TraitDescriptionEnchantment
INFO:   PF2E.TraitDescriptionEvil
INFO:   PF2E.TraitDescriptionEvocation
INFO:   PF2E.TraitDescriptionGood
INFO:   PF2E.TraitDescriptionHalfElf
INFO:   PF2E.TraitDescriptionHalfOrc
INFO:   PF2E.TraitDescriptionLawful
INFO:   PF2E.TraitDescriptionMetamagic
INFO:   PF2E.TraitDescriptionNecromancy
INFO:   PF2E.TraitDescriptionTiefling
INFO:   PF2E.TraitDescriptionTransmutation
INFO:   PF2E.TraitDivination
INFO:   PF2E.TraitEnchantment
INFO:   PF2E.TraitEvil
INFO:   PF2E.TraitEvocation
INFO:   PF2E.TraitGood
INFO:   PF2E.TraitHalfElf
INFO:   PF2E.TraitHalfOrc
INFO:   PF2E.TraitLawful
INFO:   PF2E.TraitMetamagic
INFO:   PF2E.TraitNecromancy
INFO:   PF2E.TraitTiefling
INFO:   PF2E.TraitTransmutation
INFO:   PF2E.TraitVersatileChaotic
INFO:   PF2E.TraitVersatileEvil
INFO:   PF2E.TraitVersatileGood
INFO:   PF2E.TraitVersatileHeritage
INFO:   PF2E.TraitVersatileLawful
INFO:   PF2E.WeaponPropertyRune.anarchic.Name
INFO:   PF2E.WeaponPropertyRune.anarchic.Note.criticalSuccess
INFO:   PF2E.WeaponPropertyRune.axiomatic.Name
INFO:   PF2E.WeaponPropertyRune.axiomatic.Note.criticalSuccess
INFO: Validation successful, all keys match.
